***************************************************************************************************** 
* WARNING: The 2022 software stack is deprecated. Please consider switching to
the latest 2024 * 
* software stack, or the older 2023 software stack. * 
* * 
* If you have any question, please contact us via
http://servicedesk.surfsara.nl. * 
***************************************************************************************************** 
Starting 192 workers.
Starting 192 workers.
Starting 192 workers.
Starting 192 workers.
Starting 192 workers.
Starting 192 workers.
Starting 192 workers.
Starting 192 workers.
Starting 192 workers.
Starting 192 workers.
Starting 192 workers.
Starting 192 workers.
Starting 192 workers.
Starting 192 workers.
Starting 192 workers.
Starting 192 workers.
Starting 192 workers.
Starting 192 workers.
Starting 192 workers.
Starting 192 workers.
Starting 192 workers.
Starting 192 workers.
Starting 192 workers.
Starting 192 workers.
Starting 192 workers.
Starting 192 workers.
Starting 192 workers.
Starting 192 workers.
Starting 192 workers.
Starting 192 workers.
Starting 192 workers.
Starting 192 workers.
Starting 192 workers.
Starting 192 workers.
Starting 192 workers.

JOB STATISTICS
==============
Job ID: 13031266
Cluster: snellius
User/Group: siddhant/siddhant
State: COMPLETED (exit code 0)
Nodes: 1
Cores per node: 192
CPU Utilized: 1-03:48:09
CPU Efficiency: 84.35% of 1-08:57:36 core-walltime
Job Wall-clock time: 00:10:18
Memory Utilized: 10.54 GB
Memory Efficiency: 3.14% of 336.00 GB (1.75 GB/core)
